# JRE version: Java(TM) SE Runtime Environment (8.0_73-b02) (build 1.8.0_73-b02)
# Java VM: Java HotSpot(TM) 64-Bit Server VM (25.73-b02 mixed mode windows-amd64 compressed oops)
Heap:
 def new generation   total 8576K, used 7921K [0x00000000e8000000, 0x00000000e8940000, 0x00000000f0000000)
  eden space 7680K,  94% used [0x00000000e8000000, 0x00000000e870eb90, 0x00000000e8780000)
  from space 896K,  77% used [0x00000000e8860000, 0x00000000e890d870, 0x00000000e8940000)
  to   space 896K,   0% used [0x00000000e8780000, 0x00000000e8780000, 0x00000000e8860000)
 tenured generation   total 18816K, used 14499K [0x00000000f0000000, 0x00000000f1260000, 0x0000000100000000)
   the space 18816K,  77% used [0x00000000f0000000, 0x00000000f0e28c70, 0x00000000f0e28e00, 0x00000000f1260000)
 Metaspace       used 32015K, capacity 32352K, committed 32768K, reserved 1077248K
  class space    used 3924K, capacity 4000K, committed 4096K, reserved 1048576K
GC Heap History (10 events):
Event: 4.286 GC heap before
{Heap before GC invocations=18 (full 2):
 def new generation   total 8576K, used 8576K [0x00000000e8000000, 0x00000000e8940000, 0x00000000f0000000)
  eden space 7680K, 100% used [0x00000000e8000000, 0x00000000e8780000, 0x00000000e8780000)
  from space 896K, 100% used [0x00000000e8780000, 0x00000000e8860000, 0x00000000e8860000)
  to   space 896K,   0% used [0x00000000e8860000, 0x00000000e8860000, 0x00000000e8940000)
 tenured generation   total 18816K, used 18555K [0x00000000f0000000, 0x00000000f1260000, 0x0000000100000000)
   the space 18816K,  98% used [0x00000000f0000000, 0x00000000f121ed58, 0x00000000f121ee00, 0x00000000f1260000)
 Metaspace       used 28369K, capacity 28666K, committed 28800K, reserved 1075200K
  class space    used 3594K, capacity 3701K, committed 3712K, reserved 1048576K
Event: 4.371 GC heap after
Heap after GC invocations=19 (full 3):
 def new generation   total 8576K, used 0K [0x00000000e8000000, 0x00000000e8940000, 0x00000000f0000000)
  eden space 7680K,   0% used [0x00000000e8000000, 0x00000000e8000000, 0x00000000e8780000)
  from space 896K,   0% used [0x00000000e8860000, 0x00000000e8860000, 0x00000000e8940000)
  to   space 896K,   0% used [0x00000000e8780000, 0x00000000e8780000, 0x00000000e8860000)
 tenured generation   total 18816K, used 10000K [0x00000000f0000000, 0x00000000f1260000, 0x0000000100000000)
   the space 18816K,  53% used [0x00000000f0000000, 0x00000000f09c4348, 0x00000000f09c4400, 0x00000000f1260000)
 Metaspace       used 28369K, capacity 28666K, committed 28800K, reserved 1075200K
  class space    used 3594K, capacity 3701K, committed 3712K, reserved 1048576K
}
Event: 6.171 GC heap before
{Heap before GC invocations=19 (full 3):
 def new generation   total 8576K, used 7680K [0x00000000e8000000, 0x00000000e8940000, 0x00000000f0000000)
  eden space 7680K, 100% used [0x00000000e8000000, 0x00000000e8780000, 0x00000000e8780000)
  from space 896K,   0% used [0x00000000e8860000, 0x00000000e8860000, 0x00000000e8940000)
  to   space 896K,   0% used [0x00000000e8780000, 0x00000000e8780000, 0x00000000e8860000)
 tenured generation   total 18816K, used 10000K [0x00000000f0000000, 0x00000000f1260000, 0x0000000100000000)
   the space 18816K,  53% used [0x00000000f0000000, 0x00000000f09c4348, 0x00000000f09c4400, 0x00000000f1260000)
 Metaspace       used 29507K, capacity 29816K, committed 30080K, reserved 1075200K
  class space    used 3757K, capacity 3866K, committed 3968K, reserved 1048576K
Event: 6.175 GC heap after
Heap after GC invocations=20 (full 3):
 def new generation   total 8576K, used 896K [0x00000000e8000000, 0x00000000e8940000, 0x00000000f0000000)
  eden space 7680K,   0% used [0x00000000e8000000, 0x00000000e8000000, 0x00000000e8780000)
  from space 896K, 100% used [0x00000000e8780000, 0x00000000e8860000, 0x00000000e8860000)
  to   space 896K,   0% used [0x00000000e8860000, 0x00000000e8860000, 0x00000000e8940000)
 tenured generation   total 18816K, used 10020K [0x00000000f0000000, 0x00000000f1260000, 0x0000000100000000)
   the space 18816K,  53% used [0x00000000f0000000, 0x00000000f09c9308, 0x00000000f09c9400, 0x00000000f1260000)
 Metaspace       used 29507K, capacity 29816K, committed 30080K, reserved 1075200K
  class space    used 3757K, capacity 3866K, committed 3968K, reserved 1048576K
}
Event: 18.951 GC heap before
{Heap before GC invocations=20 (full 3):
 def new generation   total 8576K, used 8576K [0x00000000e8000000, 0x00000000e8940000, 0x00000000f0000000)
  eden space 7680K, 100% used [0x00000000e8000000, 0x00000000e8780000, 0x00000000e8780000)
  from space 896K, 100% used [0x00000000e8780000, 0x00000000e8860000, 0x00000000e8860000)
  to   space 896K,   0% used [0x00000000e8860000, 0x00000000e8860000, 0x00000000e8940000)
 tenured generation   total 18816K, used 10020K [0x00000000f0000000, 0x00000000f1260000, 0x0000000100000000)
   the space 18816K,  53% used [0x00000000f0000000, 0x00000000f09c9308, 0x00000000f09c9400, 0x00000000f1260000)
 Metaspace       used 30468K, capacity 30804K, committed 31104K, reserved 1077248K
  class space    used 3835K, capacity 3934K, committed 3968K, reserved 1048576K
Event: 18.956 GC heap after
Heap after GC invocations=21 (full 3):
 def new generation   total 8576K, used 392K [0x00000000e8000000, 0x00000000e8940000, 0x00000000f0000000)
  eden space 7680K,   0% used [0x00000000e8000000, 0x00000000e8000000, 0x00000000e8780000)
  from space 896K,  43% used [0x00000000e8860000, 0x00000000e88c2020, 0x00000000e8940000)
  to   space 896K,   0% used [0x00000000e8780000, 0x00000000e8780000, 0x00000000e8860000)
 tenured generation   total 18816K, used 14167K [0x00000000f0000000, 0x00000000f1260000, 0x0000000100000000)
   the space 18816K,  75% used [0x00000000f0000000, 0x00000000f0dd5e80, 0x00000000f0dd6000, 0x00000000f1260000)
 Metaspace       used 30468K, capacity 30804K, committed 31104K, reserved 1077248K
  class space    used 3835K, capacity 3934K, committed 3968K, reserved 1048576K
}
Event: 37.296 GC heap before
{Heap before GC invocations=21 (full 3):
 def new generation   total 8576K, used 8072K [0x00000000e8000000, 0x00000000e8940000, 0x00000000f0000000)
  eden space 7680K, 100% used [0x00000000e8000000, 0x00000000e8780000, 0x00000000e8780000)
  from space 896K,  43% used [0x00000000e8860000, 0x00000000e88c2020, 0x00000000e8940000)
  to   space 896K,   0% used [0x00000000e8780000, 0x00000000e8780000, 0x00000000e8860000)
 tenured generation   total 18816K, used 14167K [0x00000000f0000000, 0x00000000f1260000, 0x0000000100000000)
   the space 18816K,  75% used [0x00000000f0000000, 0x00000000f0dd5e80, 0x00000000f0dd6000, 0x00000000f1260000)
 Metaspace       used 31210K, capacity 31482K, committed 31872K, reserved 1077248K
  class space    used 3888K, capacity 3967K, committed 3968K, reserved 1048576K
Event: 37.300 GC heap after
Heap after GC invocations=22 (full 3):
 def new generation   total 8576K, used 668K [0x00000000e8000000, 0x00000000e8940000, 0x00000000f0000000)
  eden space 7680K,   0% used [0x00000000e8000000, 0x00000000e8000000, 0x00000000e8780000)
  from space 896K,  74% used [0x00000000e8780000, 0x00000000e8827298, 0x00000000e8860000)
  to   space 896K,   0% used [0x00000000e8860000, 0x00000000e8860000, 0x00000000e8940000)
 tenured generation   total 18816K, used 14167K [0x00000000f0000000, 0x00000000f1260000, 0x0000000100000000)
   the space 18816K,  75% used [0x00000000f0000000, 0x00000000f0dd5e80, 0x00000000f0dd6000, 0x00000000f1260000)
 Metaspace       used 31210K, capacity 31482K, committed 31872K, reserved 1077248K
  class space    used 3888K, capacity 3967K, committed 3968K, reserved 1048576K
}
Event: 79.499 GC heap before
{Heap before GC invocations=22 (full 3):
 def new generation   total 8576K, used 8348K [0x00000000e8000000, 0x00000000e8940000, 0x00000000f0000000)
  eden space 7680K, 100% used [0x00000000e8000000, 0x00000000e8780000, 0x00000000e8780000)
  from space 896K,  74% used [0x00000000e8780000, 0x00000000e8827298, 0x00000000e8860000)
  to   space 896K,   0% used [0x00000000e8860000, 0x00000000e8860000, 0x00000000e8940000)
 tenured generation   total 18816K, used 14167K [0x00000000f0000000, 0x00000000f1260000, 0x0000000100000000)
   the space 18816K,  75% used [0x00000000f0000000, 0x00000000f0dd5e80, 0x00000000f0dd6000, 0x00000000f1260000)
 Metaspace       used 31802K, capacity 32032K, committed 32512K, reserved 1077248K
  class space    used 3922K, capacity 4000K, committed 4096K, reserved 1048576K
Event: 79.503 GC heap after
Heap after GC invocations=23 (full 3):
 def new generation   total 8576K, used 694K [0x00000000e8000000, 0x00000000e8940000, 0x00000000f0000000)
  eden space 7680K,   0% used [0x00000000e8000000, 0x00000000e8000000, 0x00000000e8780000)
  from space 896K,  77% used [0x00000000e8860000, 0x00000000e890d870, 0x00000000e8940000)
  to   space 896K,   0% used [0x00000000e8780000, 0x00000000e8780000, 0x00000000e8860000)
 tenured generation   total 18816K, used 14499K [0x00000000f0000000, 0x00000000f1260000, 0x0000000100000000)
   the space 18816K,  77% used [0x00000000f0000000, 0x00000000f0e28c70, 0x00000000f0e28e00, 0x00000000f1260000)
 Metaspace       used 31802K, capacity 32032K, committed 32512K, reserved 1077248K
  class space    used 3922K, capacity 4000K, committed 4096K, reserved 1048576K
}

